{"/Users/rodrigopalmaraggi/Desktop/ChallengeMercadolibre/rr-mercadoLibre-challenge/back-express/src/app.ts": {"path":"/Users/rodrigopalmaraggi/Desktop/ChallengeMercadolibre/rr-mercadoLibre-challenge/back-express/src/app.ts","statementMap":{"0":{"start":{"line":1,"column":0},"end":{"line":1,"column":30}},"1":{"start":{"line":2,"column":0},"end":{"line":2,"column":43}},"2":{"start":{"line":6,"column":12},"end":{"line":6,"column":21}},"3":{"start":{"line":7,"column":0},"end":{"line":7,"column":24}},"4":{"start":{"line":9,"column":0},"end":{"line":11,"column":3}},"5":{"start":{"line":10,"column":2},"end":{"line":10,"column":48}},"6":{"start":{"line":14,"column":0},"end":{"line":14,"column":33}},"7":{"start":{"line":17,"column":0},"end":{"line":17,"column":19}}},"fnMap":{"0":{"name":"(anonymous_1)","decl":{"start":{"line":9,"column":17},"end":{"line":9,"column":20}},"loc":{"start":{"line":9,"column":22},"end":{"line":11,"column":1}}}},"branchMap":{},"s":{"0":1,"1":1,"2":1,"3":1,"4":1,"5":0,"6":1,"7":1},"f":{"0":0},"b":{}}
,"/Users/rodrigopalmaraggi/Desktop/ChallengeMercadolibre/rr-mercadoLibre-challenge/back-express/src/index.ts": {"path":"/Users/rodrigopalmaraggi/Desktop/ChallengeMercadolibre/rr-mercadoLibre-challenge/back-express/src/index.ts","statementMap":{"0":{"start":{"line":1,"column":0},"end":{"line":1,"column":24}},"1":{"start":{"line":3,"column":13},"end":{"line":3,"column":17}},"2":{"start":{"line":5,"column":0},"end":{"line":7,"column":3}},"3":{"start":{"line":6,"column":2},"end":{"line":6,"column":55}}},"fnMap":{"0":{"name":"(anonymous_1)","decl":{"start":{"line":5,"column":17},"end":{"line":5,"column":20}},"loc":{"start":{"line":5,"column":22},"end":{"line":7,"column":1}}}},"branchMap":{},"s":{"0":0,"1":0,"2":0,"3":0},"f":{"0":0},"b":{}}
,"/Users/rodrigopalmaraggi/Desktop/ChallengeMercadolibre/rr-mercadoLibre-challenge/back-express/src/routes/userRoute.ts": {"path":"/Users/rodrigopalmaraggi/Desktop/ChallengeMercadolibre/rr-mercadoLibre-challenge/back-express/src/routes/userRoute.ts","statementMap":{"0":{"start":{"line":1,"column":0},"end":{"line":1,"column":30}},"1":{"start":{"line":2,"column":0},"end":{"line":2,"column":66}},"2":{"start":{"line":3,"column":0},"end":{"line":3,"column":47}},"3":{"start":{"line":5,"column":15},"end":{"line":5,"column":31}},"4":{"start":{"line":6,"column":20},"end":{"line":6,"column":45}},"5":{"start":{"line":8,"column":0},"end":{"line":10,"column":3}},"6":{"start":{"line":9,"column":2},"end":{"line":9,"column":27}},"7":{"start":{"line":12,"column":0},"end":{"line":19,"column":3}},"8":{"start":{"line":13,"column":2},"end":{"line":13,"column":26}},"9":{"start":{"line":15,"column":2},"end":{"line":18,"column":47}},"10":{"start":{"line":17,"column":22},"end":{"line":17,"column":50}},"11":{"start":{"line":18,"column":20},"end":{"line":18,"column":45}},"12":{"start":{"line":21,"column":0},"end":{"line":29,"column":3}},"13":{"start":{"line":22,"column":13},"end":{"line":22,"column":26}},"14":{"start":{"line":23,"column":2},"end":{"line":23,"column":53}},"15":{"start":{"line":25,"column":2},"end":{"line":28,"column":47}},"16":{"start":{"line":27,"column":22},"end":{"line":27,"column":50}},"17":{"start":{"line":28,"column":20},"end":{"line":28,"column":45}},"18":{"start":{"line":31,"column":0},"end":{"line":39,"column":3}},"19":{"start":{"line":32,"column":13},"end":{"line":32,"column":26}},"20":{"start":{"line":33,"column":2},"end":{"line":33,"column":50}},"21":{"start":{"line":35,"column":2},"end":{"line":38,"column":47}},"22":{"start":{"line":37,"column":22},"end":{"line":37,"column":50}},"23":{"start":{"line":38,"column":20},"end":{"line":38,"column":45}},"24":{"start":{"line":41,"column":0},"end":{"line":49,"column":3}},"25":{"start":{"line":42,"column":13},"end":{"line":42,"column":26}},"26":{"start":{"line":43,"column":2},"end":{"line":43,"column":42}},"27":{"start":{"line":45,"column":2},"end":{"line":48,"column":47}},"28":{"start":{"line":47,"column":22},"end":{"line":47,"column":50}},"29":{"start":{"line":48,"column":20},"end":{"line":48,"column":45}},"30":{"start":{"line":51,"column":0},"end":{"line":59,"column":3}},"31":{"start":{"line":52,"column":13},"end":{"line":52,"column":26}},"32":{"start":{"line":53,"column":2},"end":{"line":53,"column":45}},"33":{"start":{"line":55,"column":2},"end":{"line":58,"column":47}},"34":{"start":{"line":57,"column":22},"end":{"line":57,"column":50}},"35":{"start":{"line":58,"column":20},"end":{"line":58,"column":45}},"36":{"start":{"line":61,"column":0},"end":{"line":69,"column":3}},"37":{"start":{"line":62,"column":13},"end":{"line":62,"column":26}},"38":{"start":{"line":63,"column":2},"end":{"line":63,"column":44}},"39":{"start":{"line":65,"column":2},"end":{"line":68,"column":47}},"40":{"start":{"line":67,"column":22},"end":{"line":67,"column":50}},"41":{"start":{"line":68,"column":20},"end":{"line":68,"column":45}},"42":{"start":{"line":71,"column":0},"end":{"line":71,"column":22}}},"fnMap":{"0":{"name":"(anonymous_1)","decl":{"start":{"line":8,"column":20},"end":{"line":8,"column":21}},"loc":{"start":{"line":8,"column":34},"end":{"line":10,"column":1}}},"1":{"name":"(anonymous_2)","decl":{"start":{"line":12,"column":16},"end":{"line":12,"column":17}},"loc":{"start":{"line":12,"column":30},"end":{"line":19,"column":1}}},"2":{"name":"(anonymous_3)","decl":{"start":{"line":17,"column":10},"end":{"line":17,"column":11}},"loc":{"start":{"line":17,"column":22},"end":{"line":17,"column":50}}},"3":{"name":"(anonymous_4)","decl":{"start":{"line":18,"column":11},"end":{"line":18,"column":12}},"loc":{"start":{"line":18,"column":20},"end":{"line":18,"column":45}}},"4":{"name":"(anonymous_5)","decl":{"start":{"line":21,"column":31},"end":{"line":21,"column":32}},"loc":{"start":{"line":21,"column":44},"end":{"line":29,"column":1}}},"5":{"name":"(anonymous_6)","decl":{"start":{"line":27,"column":10},"end":{"line":27,"column":11}},"loc":{"start":{"line":27,"column":22},"end":{"line":27,"column":50}}},"6":{"name":"(anonymous_7)","decl":{"start":{"line":28,"column":11},"end":{"line":28,"column":12}},"loc":{"start":{"line":28,"column":20},"end":{"line":28,"column":45}}},"7":{"name":"(anonymous_8)","decl":{"start":{"line":31,"column":29},"end":{"line":31,"column":30}},"loc":{"start":{"line":31,"column":42},"end":{"line":39,"column":1}}},"8":{"name":"(anonymous_9)","decl":{"start":{"line":37,"column":10},"end":{"line":37,"column":11}},"loc":{"start":{"line":37,"column":22},"end":{"line":37,"column":50}}},"9":{"name":"(anonymous_10)","decl":{"start":{"line":38,"column":11},"end":{"line":38,"column":12}},"loc":{"start":{"line":38,"column":20},"end":{"line":38,"column":45}}},"10":{"name":"(anonymous_11)","decl":{"start":{"line":41,"column":25},"end":{"line":41,"column":26}},"loc":{"start":{"line":41,"column":38},"end":{"line":49,"column":1}}},"11":{"name":"(anonymous_12)","decl":{"start":{"line":47,"column":10},"end":{"line":47,"column":11}},"loc":{"start":{"line":47,"column":22},"end":{"line":47,"column":50}}},"12":{"name":"(anonymous_13)","decl":{"start":{"line":48,"column":11},"end":{"line":48,"column":12}},"loc":{"start":{"line":48,"column":20},"end":{"line":48,"column":45}}},"13":{"name":"(anonymous_14)","decl":{"start":{"line":51,"column":28},"end":{"line":51,"column":29}},"loc":{"start":{"line":51,"column":41},"end":{"line":59,"column":1}}},"14":{"name":"(anonymous_15)","decl":{"start":{"line":57,"column":10},"end":{"line":57,"column":11}},"loc":{"start":{"line":57,"column":22},"end":{"line":57,"column":50}}},"15":{"name":"(anonymous_16)","decl":{"start":{"line":58,"column":11},"end":{"line":58,"column":12}},"loc":{"start":{"line":58,"column":20},"end":{"line":58,"column":45}}},"16":{"name":"(anonymous_17)","decl":{"start":{"line":61,"column":27},"end":{"line":61,"column":28}},"loc":{"start":{"line":61,"column":40},"end":{"line":69,"column":1}}},"17":{"name":"(anonymous_18)","decl":{"start":{"line":67,"column":10},"end":{"line":67,"column":11}},"loc":{"start":{"line":67,"column":22},"end":{"line":67,"column":50}}},"18":{"name":"(anonymous_19)","decl":{"start":{"line":68,"column":11},"end":{"line":68,"column":12}},"loc":{"start":{"line":68,"column":20},"end":{"line":68,"column":45}}}},"branchMap":{},"s":{"0":1,"1":1,"2":1,"3":1,"4":1,"5":1,"6":0,"7":1,"8":3,"9":3,"10":3,"11":0,"12":1,"13":3,"14":3,"15":3,"16":3,"17":0,"18":1,"19":3,"20":3,"21":3,"22":3,"23":0,"24":1,"25":3,"26":3,"27":3,"28":3,"29":0,"30":1,"31":3,"32":3,"33":3,"34":3,"35":0,"36":1,"37":3,"38":3,"39":3,"40":3,"41":0,"42":1},"f":{"0":0,"1":3,"2":3,"3":0,"4":3,"5":3,"6":0,"7":3,"8":3,"9":0,"10":3,"11":3,"12":0,"13":3,"14":3,"15":0,"16":3,"17":3,"18":0},"b":{}}
,"/Users/rodrigopalmaraggi/Desktop/ChallengeMercadolibre/rr-mercadoLibre-challenge/back-express/src/services/types.d.ts": {"path":"/Users/rodrigopalmaraggi/Desktop/ChallengeMercadolibre/rr-mercadoLibre-challenge/back-express/src/services/types.d.ts","statementMap":{},"fnMap":{},"branchMap":{},"s":{},"f":{},"b":{}}
,"/Users/rodrigopalmaraggi/Desktop/ChallengeMercadolibre/rr-mercadoLibre-challenge/back-express/src/utils/DateFn.ts": {"path":"/Users/rodrigopalmaraggi/Desktop/ChallengeMercadolibre/rr-mercadoLibre-challenge/back-express/src/utils/DateFn.ts","statementMap":{"0":{"start":{"line":1,"column":0},"end":{"line":1,"column":34}},"1":{"start":{"line":3,"column":28},"end":{"line":7,"column":1}},"2":{"start":{"line":4,"column":18},"end":{"line":4,"column":59}},"3":{"start":{"line":5,"column":17},"end":{"line":5,"column":54}},"4":{"start":{"line":6,"column":2},"end":{"line":6,"column":29}},"5":{"start":{"line":3,"column":13},"end":{"line":3,"column":28}}},"fnMap":{"0":{"name":"(anonymous_0)","decl":{"start":{"line":3,"column":28},"end":{"line":3,"column":29}},"loc":{"start":{"line":3,"column":54},"end":{"line":7,"column":1}}}},"branchMap":{},"s":{"0":1,"1":1,"2":18,"3":18,"4":18,"5":1},"f":{"0":18},"b":{}}
}
