TN:
SF:src/app.ts
FN:9,(anonymous_1)
FNF:1
FNH:0
FNDA:0,(anonymous_1)
DA:1,1
DA:2,1
DA:6,1
DA:7,1
DA:9,1
DA:10,0
DA:14,1
DA:17,1
LF:8
LH:7
BRF:0
BRH:0
end_of_record
TN:
SF:src/index.ts
FN:5,(anonymous_1)
FNF:1
FNH:0
FNDA:0,(anonymous_1)
DA:1,0
DA:3,0
DA:5,0
DA:6,0
LF:4
LH:0
BRF:0
BRH:0
end_of_record
TN:
SF:src/routes/userRoute.ts
FN:8,(anonymous_1)
FN:12,(anonymous_2)
FN:17,(anonymous_3)
FN:18,(anonymous_4)
FN:21,(anonymous_5)
FN:27,(anonymous_6)
FN:28,(anonymous_7)
FN:31,(anonymous_8)
FN:37,(anonymous_9)
FN:38,(anonymous_10)
FN:41,(anonymous_11)
FN:47,(anonymous_12)
FN:48,(anonymous_13)
FN:51,(anonymous_14)
FN:57,(anonymous_15)
FN:58,(anonymous_16)
FN:61,(anonymous_17)
FN:67,(anonymous_18)
FN:68,(anonymous_19)
FNF:19
FNH:12
FNDA:0,(anonymous_1)
FNDA:3,(anonymous_2)
FNDA:3,(anonymous_3)
FNDA:0,(anonymous_4)
FNDA:3,(anonymous_5)
FNDA:3,(anonymous_6)
FNDA:0,(anonymous_7)
FNDA:3,(anonymous_8)
FNDA:3,(anonymous_9)
FNDA:0,(anonymous_10)
FNDA:3,(anonymous_11)
FNDA:3,(anonymous_12)
FNDA:0,(anonymous_13)
FNDA:3,(anonymous_14)
FNDA:3,(anonymous_15)
FNDA:0,(anonymous_16)
FNDA:3,(anonymous_17)
FNDA:3,(anonymous_18)
FNDA:0,(anonymous_19)
DA:1,1
DA:2,1
DA:3,1
DA:5,1
DA:6,1
DA:8,1
DA:9,0
DA:12,1
DA:13,3
DA:15,3
DA:17,3
DA:18,0
DA:21,1
DA:22,3
DA:23,3
DA:25,3
DA:27,3
DA:28,0
DA:31,1
DA:32,3
DA:33,3
DA:35,3
DA:37,3
DA:38,0
DA:41,1
DA:42,3
DA:43,3
DA:45,3
DA:47,3
DA:48,0
DA:51,1
DA:52,3
DA:53,3
DA:55,3
DA:57,3
DA:58,0
DA:61,1
DA:62,3
DA:63,3
DA:65,3
DA:67,3
DA:68,0
DA:71,1
LF:43
LH:36
BRF:0
BRH:0
end_of_record
TN:
SF:src/services/types.d.ts
FNF:0
FNH:0
LF:0
LH:0
BRF:0
BRH:0
end_of_record
TN:
SF:src/utils/DateFn.ts
FN:3,(anonymous_0)
FNF:1
FNH:1
FNDA:18,(anonymous_0)
DA:1,1
DA:3,1
DA:4,18
DA:5,18
DA:6,18
LF:5
LH:5
BRF:0
BRH:0
end_of_record
